{"/Users/carsten/workspace/AdventOfCode_2022/challenges/index.ts": {"path":"/Users/carsten/workspace/AdventOfCode_2022/challenges/index.ts","statementMap":{"0":{"start":{"line":2,"column":0},"end":{"line":2,"column":62}},"1":{"start":{"line":3,"column":15},"end":{"line":3,"column":37}},"2":{"start":{"line":4,"column":15},"end":{"line":4,"column":37}},"3":{"start":{"line":6,"column":24},"end":{"line":6,"column":61}},"4":{"start":{"line":7,"column":0},"end":{"line":7,"column":121}},"5":{"start":{"line":7,"column":68},"end":{"line":7,"column":119}},"6":{"start":{"line":8,"column":0},"end":{"line":8,"column":149}},"7":{"start":{"line":8,"column":76},"end":{"line":8,"column":147}},"8":{"start":{"line":10,"column":24},"end":{"line":10,"column":61}},"9":{"start":{"line":11,"column":0},"end":{"line":11,"column":155}},"10":{"start":{"line":11,"column":77},"end":{"line":11,"column":153}},"11":{"start":{"line":12,"column":0},"end":{"line":12,"column":16}},"12":{"start":{"line":13,"column":0},"end":{"line":13,"column":148}},"13":{"start":{"line":13,"column":77},"end":{"line":13,"column":146}}},"fnMap":{"0":{"name":"(anonymous_0)","decl":{"start":{"line":7,"column":49},"end":{"line":7,"column":50}},"loc":{"start":{"line":7,"column":68},"end":{"line":7,"column":119}},"line":7},"1":{"name":"(anonymous_1)","decl":{"start":{"line":8,"column":49},"end":{"line":8,"column":50}},"loc":{"start":{"line":8,"column":76},"end":{"line":8,"column":147}},"line":8},"2":{"name":"(anonymous_2)","decl":{"start":{"line":11,"column":68},"end":{"line":11,"column":69}},"loc":{"start":{"line":11,"column":77},"end":{"line":11,"column":153}},"line":11},"3":{"name":"(anonymous_3)","decl":{"start":{"line":13,"column":68},"end":{"line":13,"column":69}},"loc":{"start":{"line":13,"column":77},"end":{"line":13,"column":146}},"line":13}},"branchMap":{},"s":{"0":0,"1":0,"2":0,"3":0,"4":0,"5":0,"6":0,"7":0,"8":0,"9":0,"10":0,"11":0,"12":0,"13":0},"f":{"0":0,"1":0,"2":0,"3":0},"b":{}}
,"/Users/carsten/workspace/AdventOfCode_2022/challenges/day1/day1.ts": {"path":"/Users/carsten/workspace/AdventOfCode_2022/challenges/day1/day1.ts","statementMap":{"0":{"start":{"line":2,"column":0},"end":{"line":2,"column":62}},"1":{"start":{"line":3,"column":0},"end":{"line":3,"column":29}},"2":{"start":{"line":4,"column":11},"end":{"line":4,"column":24}},"3":{"start":{"line":5,"column":17},"end":{"line":5,"column":36}},"4":{"start":{"line":6,"column":13},"end":{"line":10,"column":2}},"5":{"start":{"line":6,"column":23},"end":{"line":10,"column":2}},"6":{"start":{"line":12,"column":20},"end":{"line":29,"column":2}},"7":{"start":{"line":12,"column":30},"end":{"line":29,"column":2}},"8":{"start":{"line":13,"column":21},"end":{"line":13,"column":23}},"9":{"start":{"line":14,"column":17},"end":{"line":14,"column":18}},"10":{"start":{"line":15,"column":4},"end":{"line":28,"column":7}},"11":{"start":{"line":17,"column":8},"end":{"line":23,"column":9}},"12":{"start":{"line":18,"column":12},"end":{"line":18,"column":34}},"13":{"start":{"line":19,"column":12},"end":{"line":19,"column":23}},"14":{"start":{"line":22,"column":12},"end":{"line":22,"column":28}},"15":{"start":{"line":26,"column":8},"end":{"line":26,"column":30}},"16":{"start":{"line":27,"column":8},"end":{"line":27,"column":22}},"17":{"start":{"line":31,"column":20},"end":{"line":37,"column":1}},"18":{"start":{"line":32,"column":21},"end":{"line":32,"column":44}},"19":{"start":{"line":33,"column":4},"end":{"line":36,"column":98}},"20":{"start":{"line":34,"column":24},"end":{"line":34,"column":49}},"21":{"start":{"line":36,"column":47},"end":{"line":36,"column":93}},"22":{"start":{"line":38,"column":0},"end":{"line":38,"column":34}}},"fnMap":{"0":{"name":"(anonymous_0)","decl":{"start":{"line":6,"column":13},"end":{"line":6,"column":14}},"loc":{"start":{"line":6,"column":23},"end":{"line":10,"column":2}},"line":6},"1":{"name":"(anonymous_1)","decl":{"start":{"line":12,"column":20},"end":{"line":12,"column":21}},"loc":{"start":{"line":12,"column":30},"end":{"line":29,"column":2}},"line":12},"2":{"name":"(anonymous_2)","decl":{"start":{"line":12,"column":42},"end":{"line":12,"column":43}},"loc":{"start":{"line":12,"column":49},"end":{"line":29,"column":1}},"line":12},"3":{"name":"(anonymous_3)","decl":{"start":{"line":16,"column":20},"end":{"line":16,"column":21}},"loc":{"start":{"line":16,"column":28},"end":{"line":24,"column":5}},"line":16},"4":{"name":"(anonymous_4)","decl":{"start":{"line":25,"column":21},"end":{"line":25,"column":22}},"loc":{"start":{"line":25,"column":27},"end":{"line":28,"column":5}},"line":25},"5":{"name":"(anonymous_5)","decl":{"start":{"line":31,"column":20},"end":{"line":31,"column":21}},"loc":{"start":{"line":31,"column":51},"end":{"line":37,"column":1}},"line":31},"6":{"name":"(anonymous_6)","decl":{"start":{"line":34,"column":14},"end":{"line":34,"column":15}},"loc":{"start":{"line":34,"column":24},"end":{"line":34,"column":49}},"line":34},"7":{"name":"(anonymous_7)","decl":{"start":{"line":36,"column":16},"end":{"line":36,"column":17}},"loc":{"start":{"line":36,"column":47},"end":{"line":36,"column":93}},"line":36}},"branchMap":{"0":{"loc":{"start":{"line":17,"column":8},"end":{"line":23,"column":9}},"type":"if","locations":[{"start":{"line":17,"column":8},"end":{"line":23,"column":9}},{"start":{"line":21,"column":13},"end":{"line":23,"column":9}}],"line":17}},"s":{"0":1,"1":1,"2":1,"3":1,"4":1,"5":2,"6":1,"7":2,"8":2,"9":2,"10":2,"11":28,"12":8,"13":8,"14":20,"15":2,"16":2,"17":1,"18":2,"19":2,"20":16,"21":4,"22":1},"f":{"0":2,"1":2,"2":2,"3":28,"4":2,"5":2,"6":16,"7":4},"b":{"0":[8,20]},"_coverageSchema":"1a1c01bbd47fc00a2c39e90264f33305004495a9","hash":"da7596758eccb86fa5883e675b7debaf7a12fb40"}
,"/Users/carsten/workspace/AdventOfCode_2022/challenges/day2/day2.ts": {"path":"/Users/carsten/workspace/AdventOfCode_2022/challenges/day2/day2.ts","statementMap":{"0":{"start":{"line":2,"column":0},"end":{"line":2,"column":62}},"1":{"start":{"line":3,"column":0},"end":{"line":3,"column":45}},"2":{"start":{"line":4,"column":11},"end":{"line":4,"column":24}},"3":{"start":{"line":5,"column":17},"end":{"line":5,"column":36}},"4":{"start":{"line":7,"column":0},"end":{"line":10,"column":59}},"5":{"start":{"line":8,"column":4},"end":{"line":8,"column":50}},"6":{"start":{"line":9,"column":4},"end":{"line":9,"column":50}},"7":{"start":{"line":13,"column":20},"end":{"line":23,"column":2}},"8":{"start":{"line":26,"column":20},"end":{"line":36,"column":2}},"9":{"start":{"line":37,"column":13},"end":{"line":41,"column":2}},"10":{"start":{"line":37,"column":23},"end":{"line":41,"column":2}},"11":{"start":{"line":45,"column":17},"end":{"line":55,"column":2}},"12":{"start":{"line":45,"column":43},"end":{"line":55,"column":2}},"13":{"start":{"line":46,"column":21},"end":{"line":46,"column":78}},"14":{"start":{"line":47,"column":16},"end":{"line":47,"column":17}},"15":{"start":{"line":48,"column":4},"end":{"line":54,"column":7}},"16":{"start":{"line":50,"column":8},"end":{"line":50,"column":41}},"17":{"start":{"line":53,"column":8},"end":{"line":53,"column":19}},"18":{"start":{"line":56,"column":0},"end":{"line":56,"column":28}}},"fnMap":{"0":{"name":"(anonymous_0)","decl":{"start":{"line":7,"column":1},"end":{"line":7,"column":2}},"loc":{"start":{"line":7,"column":21},"end":{"line":10,"column":1}},"line":7},"1":{"name":"(anonymous_1)","decl":{"start":{"line":37,"column":13},"end":{"line":37,"column":14}},"loc":{"start":{"line":37,"column":23},"end":{"line":41,"column":2}},"line":37},"2":{"name":"(anonymous_2)","decl":{"start":{"line":45,"column":17},"end":{"line":45,"column":18}},"loc":{"start":{"line":45,"column":43},"end":{"line":55,"column":2}},"line":45},"3":{"name":"(anonymous_3)","decl":{"start":{"line":45,"column":55},"end":{"line":45,"column":56}},"loc":{"start":{"line":45,"column":62},"end":{"line":55,"column":1}},"line":45},"4":{"name":"(anonymous_4)","decl":{"start":{"line":49,"column":20},"end":{"line":49,"column":21}},"loc":{"start":{"line":49,"column":28},"end":{"line":51,"column":5}},"line":49},"5":{"name":"(anonymous_5)","decl":{"start":{"line":52,"column":21},"end":{"line":52,"column":22}},"loc":{"start":{"line":52,"column":27},"end":{"line":54,"column":5}},"line":52}},"branchMap":{"0":{"loc":{"start":{"line":10,"column":14},"end":{"line":10,"column":57}},"type":"binary-expr","locations":[{"start":{"line":10,"column":14},"end":{"line":10,"column":30}},{"start":{"line":10,"column":35},"end":{"line":10,"column":56}}],"line":10},"1":{"loc":{"start":{"line":46,"column":21},"end":{"line":46,"column":78}},"type":"cond-expr","locations":[{"start":{"line":46,"column":53},"end":{"line":46,"column":64}},{"start":{"line":46,"column":67},"end":{"line":46,"column":78}}],"line":46},"2":{"loc":{"start":{"line":50,"column":17},"end":{"line":50,"column":40}},"type":"binary-expr","locations":[{"start":{"line":50,"column":17},"end":{"line":50,"column":35}},{"start":{"line":50,"column":39},"end":{"line":50,"column":40}}],"line":50}},"s":{"0":1,"1":1,"2":1,"3":1,"4":1,"5":1,"6":1,"7":1,"8":1,"9":1,"10":2,"11":1,"12":2,"13":2,"14":2,"15":2,"16":6,"17":2,"18":1},"f":{"0":1,"1":2,"2":2,"3":2,"4":6,"5":2},"b":{"0":[1,1],"1":[1,1],"2":[6,0]},"_coverageSchema":"1a1c01bbd47fc00a2c39e90264f33305004495a9","hash":"780fccd38de4abfc0f845fe2aeb8f8403fb5c020"}
}
