TN:
SF:challenges/index.ts
FN:7,(anonymous_0)
FN:8,(anonymous_1)
FN:11,(anonymous_2)
FN:13,(anonymous_3)
FNF:4
FNH:0
FNDA:0,(anonymous_0)
FNDA:0,(anonymous_1)
FNDA:0,(anonymous_2)
FNDA:0,(anonymous_3)
DA:2,0
DA:3,0
DA:4,0
DA:6,0
DA:7,0
DA:8,0
DA:10,0
DA:11,0
DA:12,0
DA:13,0
LF:10
LH:0
BRF:0
BRH:0
end_of_record
TN:
SF:challenges/day1/day1.ts
FN:6,(anonymous_0)
FN:12,(anonymous_1)
FN:12,(anonymous_2)
FN:16,(anonymous_3)
FN:25,(anonymous_4)
FN:31,(anonymous_5)
FN:34,(anonymous_6)
FN:36,(anonymous_7)
FNF:8
FNH:8
FNDA:2,(anonymous_0)
FNDA:2,(anonymous_1)
FNDA:2,(anonymous_2)
FNDA:28,(anonymous_3)
FNDA:2,(anonymous_4)
FNDA:2,(anonymous_5)
FNDA:16,(anonymous_6)
FNDA:4,(anonymous_7)
DA:2,1
DA:3,1
DA:4,1
DA:5,1
DA:6,2
DA:12,2
DA:13,2
DA:14,2
DA:15,2
DA:17,28
DA:18,8
DA:19,8
DA:22,20
DA:26,2
DA:27,2
DA:31,1
DA:32,2
DA:33,2
DA:34,16
DA:36,4
DA:38,1
LF:21
LH:21
BRDA:17,0,0,8
BRDA:17,0,1,20
BRF:2
BRH:2
end_of_record
TN:
SF:challenges/day2/day2.ts
FN:7,(anonymous_0)
FN:37,(anonymous_1)
FN:45,(anonymous_2)
FN:45,(anonymous_3)
FN:49,(anonymous_4)
FN:52,(anonymous_5)
FNF:6
FNH:6
FNDA:1,(anonymous_0)
FNDA:2,(anonymous_1)
FNDA:2,(anonymous_2)
FNDA:2,(anonymous_3)
FNDA:6,(anonymous_4)
FNDA:2,(anonymous_5)
DA:2,1
DA:3,1
DA:4,1
DA:5,1
DA:7,1
DA:8,1
DA:9,1
DA:13,1
DA:26,1
DA:37,2
DA:45,2
DA:46,2
DA:47,2
DA:48,2
DA:50,6
DA:53,2
DA:56,1
LF:17
LH:17
BRDA:10,0,0,1
BRDA:10,0,1,1
BRDA:46,1,0,1
BRDA:46,1,1,1
BRDA:50,2,0,6
BRDA:50,2,1,0
BRF:6
BRH:5
end_of_record
